FILE_TYPE=LIBRARY_PARTS;
PRIMITIVE 'LMUN2235LT1G','LMUN2235LT1G_Other';
  PIN
    'B':
      PIN_NUMBER='(1)';
      NO_LOAD_CHECK=BOTH;
      NO_IO_CHECK=BOTH;
      ALLOW_CONNECT=TRUE;
      PINUSE='UNSPEC';
    'E':
      PIN_NUMBER='(2)';
      NO_LOAD_CHECK=BOTH;
      NO_IO_CHECK=BOTH;
      ALLOW_CONNECT=TRUE;
      PINUSE='UNSPEC';
    'C':
      PIN_NUMBER='(3)';
      NO_LOAD_CHECK=BOTH;
      NO_IO_CHECK=BOTH;
      ALLOW_CONNECT=TRUE;
      PINUSE='UNSPEC';
  END_PIN;
  BODY
    PART_NAME='LMUN2235LT1G';
    PHYS_DES_PREFIX='Q';
    NO_LOAD_CHECK='TRUE';
    PIN_COUNT='3';
    BODY_NAME='LMUN2235LT1G';
    JEDEC_TYPE='LMUN2235LT1G';
  END_BODY;
END_PRIMITIVE;
END.
